  [1m[35m (1155.6ms)[0m  [1m[35mCREATE DATABASE "SplitUp_development" ENCODING = 'unicode'[0m
  ↳ bin/rails:9
  [1m[35m (2775.8ms)[0m  [1m[35mCREATE DATABASE "SplitUp_test" ENCODING = 'unicode'[0m
  ↳ bin/rails:9
  [1m[35m (288.9ms)[0m  [1m[35mDROP DATABASE IF EXISTS "SplitUp_development"[0m
  ↳ bin/rails:9
  [1m[35m (232.3ms)[0m  [1m[35mDROP DATABASE IF EXISTS "SplitUp_test"[0m
  ↳ bin/rails:9
Started GET "/" for 127.0.0.1 at 2022-04-22 14:17:25 -0400

ActiveRecord::NoDatabaseError - FATAL:  database "SplitUp_development" does not exist:

Started POST "/__better_errors/a7bc147c58d0c5a0/variables" for 127.0.0.1 at 2022-04-22 14:17:26 -0400
  [1m[35m (974.2ms)[0m  [1m[35mCREATE DATABASE "SplitUp_development" ENCODING = 'unicode'[0m
  ↳ bin/rails:9
  [1m[35m (1354.7ms)[0m  [1m[35mCREATE DATABASE "SplitUp_test" ENCODING = 'unicode'[0m
  ↳ bin/rails:9
  [1m[35m (3847.0ms)[0m  [1m[35mDROP DATABASE IF EXISTS "SplitUp_development"[0m
  ↳ bin/rails:9
  [1m[35m (1989.4ms)[0m  [1m[35mDROP DATABASE IF EXISTS "SplitUp_test"[0m
  ↳ bin/rails:9
  [1m[35m (2680.3ms)[0m  [1m[35mCREATE DATABASE "SplitUp_development" ENCODING = 'unicode'[0m
  ↳ bin/rails:9
  [1m[35m (2977.1ms)[0m  [1m[35mCREATE DATABASE "SplitUp_test" ENCODING = 'unicode'[0m
  ↳ bin/rails:9
  [1m[35m (1367.7ms)[0m  [1m[35mCREATE TABLE "schema_migrations" ("version" character varying NOT NULL PRIMARY KEY)[0m
  ↳ bin/rails:9
  [1m[35m (91.6ms)[0m  [1m[35mCREATE TABLE "ar_internal_metadata" ("key" character varying NOT NULL PRIMARY KEY, "value" character varying, "created_at" timestamp NOT NULL, "updated_at" timestamp NOT NULL)[0m
  ↳ bin/rails:9
  [1m[35m (0.6ms)[0m  [1m[34mSELECT pg_try_advisory_lock(5390769671653019010)[0m
  ↳ bin/rails:9
  [1m[35m (1.0ms)[0m  [1m[34mSELECT "schema_migrations"."version" FROM "schema_migrations" ORDER BY "schema_migrations"."version" ASC[0m
  ↳ bin/rails:9
Migrating to CreateUsers (20220422182250)
  [1m[35m (0.4ms)[0m  [1m[35mBEGIN[0m
  ↳ bin/rails:9
  [1m[35m (76.5ms)[0m  [1m[35mCREATE TABLE "users" ("id" bigserial primary key, "username" character varying NOT NULL, "email" character varying NOT NULL, "session_token" character varying NOT NULL, "password_digest" character varying NOT NULL, "created_at" timestamp NOT NULL, "updated_at" timestamp NOT NULL)[0m
  ↳ db/migrate/20220422182250_create_users.rb:3
  [1m[35m (41.8ms)[0m  [1m[35mCREATE UNIQUE INDEX  "index_users_on_username" ON "users"  ("username")[0m
  ↳ db/migrate/20220422182250_create_users.rb:10
  [1m[35m (29.5ms)[0m  [1m[35mCREATE UNIQUE INDEX  "index_users_on_email" ON "users"  ("email")[0m
  ↳ db/migrate/20220422182250_create_users.rb:11
  [1m[35m (28.9ms)[0m  [1m[35mCREATE UNIQUE INDEX  "index_users_on_session_token" ON "users"  ("session_token")[0m
  ↳ db/migrate/20220422182250_create_users.rb:12
  [1m[36mActiveRecord::SchemaMigration Create (0.8ms)[0m  [1m[32mINSERT INTO "schema_migrations" ("version") VALUES ($1) RETURNING "version"[0m  [["version", "20220422182250"]]
  ↳ bin/rails:9
  [1m[35m (21.0ms)[0m  [1m[35mCOMMIT[0m
  ↳ bin/rails:9
  [1m[36mActiveRecord::InternalMetadata Load (0.8ms)[0m  [1m[34mSELECT  "ar_internal_metadata".* FROM "ar_internal_metadata" WHERE "ar_internal_metadata"."key" = $1 LIMIT $2[0m  [["key", "environment"], ["LIMIT", 1]]
  ↳ bin/rails:9
  [1m[35m (0.2ms)[0m  [1m[35mBEGIN[0m
  ↳ bin/rails:9
  [1m[36mActiveRecord::InternalMetadata Create (0.7ms)[0m  [1m[32mINSERT INTO "ar_internal_metadata" ("key", "value", "created_at", "updated_at") VALUES ($1, $2, $3, $4) RETURNING "key"[0m  [["key", "environment"], ["value", "development"], ["created_at", "2022-04-22 18:31:04.305591"], ["updated_at", "2022-04-22 18:31:04.305591"]]
  ↳ bin/rails:9
  [1m[35m (14.1ms)[0m  [1m[35mCOMMIT[0m
  ↳ bin/rails:9
  [1m[35m (0.4ms)[0m  [1m[34mSELECT pg_advisory_unlock(5390769671653019010)[0m
  ↳ bin/rails:9
  [1m[35m (0.4ms)[0m  [1m[34mSELECT "schema_migrations"."version" FROM "schema_migrations" ORDER BY "schema_migrations"."version" ASC[0m
  ↳ bin/rails:9
Started GET "/" for 127.0.0.1 at 2022-04-22 15:10:48 -0400
  [1m[35m (0.5ms)[0m  [1m[34mSELECT "schema_migrations"."version" FROM "schema_migrations" ORDER BY "schema_migrations"."version" ASC[0m
  ↳ /home/spencer/.rbenv/versions/2.5.1/lib/ruby/gems/2.5.0/gems/activerecord-5.2.7/lib/active_record/log_subscriber.rb:98
Processing by StaticPagesController#root as HTML
  Rendering static_pages/root.html.erb within layouts/application
  Rendered static_pages/root.html.erb within layouts/application (4.2ms)
Completed 200 OK in 773ms (Views: 771.1ms | ActiveRecord: 0.0ms)


Started GET "/" for 127.0.0.1 at 2022-04-22 15:11:23 -0400
Processing by StaticPagesController#root as HTML
  Rendering static_pages/root.html.erb within layouts/application
  Rendered static_pages/root.html.erb within layouts/application (0.4ms)
Completed 200 OK in 17ms (Views: 15.7ms | ActiveRecord: 0.0ms)


Started GET "/" for 127.0.0.1 at 2022-04-22 16:03:23 -0400
Processing by StaticPagesController#root as HTML
  Rendering static_pages/root.html.erb within layouts/application
  Rendered static_pages/root.html.erb within layouts/application (0.3ms)
Completed 200 OK in 14ms (Views: 13.5ms | ActiveRecord: 0.0ms)


Started GET "/" for 127.0.0.1 at 2022-04-22 16:13:14 -0400
Processing by StaticPagesController#root as HTML
  Rendering static_pages/root.html.erb within layouts/application
  Rendered static_pages/root.html.erb within layouts/application (0.3ms)
Completed 200 OK in 15ms (Views: 14.2ms | ActiveRecord: 0.0ms)


Started GET "/" for 127.0.0.1 at 2022-04-22 16:27:13 -0400
  [1m[35m (0.4ms)[0m  [1m[34mSELECT "schema_migrations"."version" FROM "schema_migrations" ORDER BY "schema_migrations"."version" ASC[0m
  ↳ /home/spencer/.rbenv/versions/2.5.1/lib/ruby/gems/2.5.0/gems/activerecord-5.2.7/lib/active_record/log_subscriber.rb:98
Processing by StaticPagesController#root as HTML
  Rendering static_pages/root.html.erb within layouts/application
  Rendered static_pages/root.html.erb within layouts/application (23.5ms)
Completed 200 OK in 1009ms (Views: 1006.7ms | ActiveRecord: 0.0ms)


Started GET "/" for 127.0.0.1 at 2022-04-22 16:28:11 -0400
Processing by StaticPagesController#root as HTML
  Rendering static_pages/root.html.erb within layouts/application
  Rendered static_pages/root.html.erb within layouts/application (0.6ms)
Completed 200 OK in 24ms (Views: 22.2ms | ActiveRecord: 0.0ms)


Started GET "/" for 127.0.0.1 at 2022-04-22 16:29:13 -0400
Processing by StaticPagesController#root as HTML
  Rendering static_pages/root.html.erb within layouts/application
  Rendered static_pages/root.html.erb within layouts/application (0.2ms)
Completed 200 OK in 341ms (Views: 340.3ms | ActiveRecord: 0.0ms)


Started GET "/" for 127.0.0.1 at 2022-04-22 16:29:15 -0400
Processing by StaticPagesController#root as HTML
  Rendering static_pages/root.html.erb within layouts/application
  Rendered static_pages/root.html.erb within layouts/application (0.3ms)
Completed 200 OK in 17ms (Views: 15.7ms | ActiveRecord: 0.0ms)


Started POST "/api/users" for 127.0.0.1 at 2022-04-22 16:30:08 -0400
Processing by Api::UsersController#create as JSON
  Parameters: {"username"=>"hello", "password"=>"[FILTERED]"}
Can't verify CSRF token authenticity.
Completed 422 Unprocessable Entity in 1ms (ActiveRecord: 0.0ms)



ActionController::InvalidAuthenticityToken - ActionController::InvalidAuthenticityToken:

Started POST "/api/posts" for 127.0.0.1 at 2022-04-22 16:31:24 -0400
  
ActionController::RoutingError (No route matches [POST] "/api/posts"):
  
actionpack (5.2.7) lib/action_dispatch/middleware/debug_exceptions.rb:65:in `call'
web-console (3.7.0) lib/web_console/middleware.rb:135:in `call_app'
web-console (3.7.0) lib/web_console/middleware.rb:30:in `block in call'
web-console (3.7.0) lib/web_console/middleware.rb:20:in `catch'
web-console (3.7.0) lib/web_console/middleware.rb:20:in `call'
actionpack (5.2.7) lib/action_dispatch/middleware/show_exceptions.rb:33:in `call'
railties (5.2.7) lib/rails/rack/logger.rb:38:in `call_app'
railties (5.2.7) lib/rails/rack/logger.rb:26:in `block in call'
activesupport (5.2.7) lib/active_support/tagged_logging.rb:71:in `block in tagged'
activesupport (5.2.7) lib/active_support/tagged_logging.rb:28:in `tagged'
activesupport (5.2.7) lib/active_support/tagged_logging.rb:71:in `tagged'
railties (5.2.7) lib/rails/rack/logger.rb:26:in `call'
sprockets-rails (3.4.2) lib/sprockets/rails/quiet_assets.rb:13:in `call'
actionpack (5.2.7) lib/action_dispatch/middleware/remote_ip.rb:81:in `call'
actionpack (5.2.7) lib/action_dispatch/middleware/request_id.rb:27:in `call'
rack (2.2.3) lib/rack/method_override.rb:24:in `call'
rack (2.2.3) lib/rack/runtime.rb:22:in `call'
activesupport (5.2.7) lib/active_support/cache/strategy/local_cache_middleware.rb:29:in `call'
actionpack (5.2.7) lib/action_dispatch/middleware/executor.rb:14:in `call'
actionpack (5.2.7) lib/action_dispatch/middleware/static.rb:127:in `call'
rack (2.2.3) lib/rack/sendfile.rb:110:in `call'
railties (5.2.7) lib/rails/engine.rb:524:in `call'
puma (3.12.6) lib/puma/configuration.rb:227:in `call'
puma (3.12.6) lib/puma/server.rb:706:in `handle_request'
puma (3.12.6) lib/puma/server.rb:476:in `process_client'
puma (3.12.6) lib/puma/server.rb:334:in `block in run'
puma (3.12.6) lib/puma/thread_pool.rb:135:in `block in spawn_thread'
Started POST "/api/users" for 127.0.0.1 at 2022-04-22 16:44:42 -0400
Processing by Api::UsersController#create as JSON
  Parameters: {"username"=>"bobby", "password"=>"[FILTERED]"}
Can't verify CSRF token authenticity.
Completed 422 Unprocessable Entity in 1ms (ActiveRecord: 0.0ms)



ActionController::InvalidAuthenticityToken - ActionController::InvalidAuthenticityToken:

Started GET "/" for 127.0.0.1 at 2022-04-22 16:47:29 -0400
Processing by StaticPagesController#root as HTML
  Rendering static_pages/root.html.erb within layouts/application
  Rendered static_pages/root.html.erb within layouts/application (0.8ms)
Completed 200 OK in 23ms (Views: 21.9ms | ActiveRecord: 0.0ms)


Started POST "/api/users" for 127.0.0.1 at 2022-04-22 16:47:32 -0400

ArgumentError - Before process_action callback :verify_authentictiy_token has not been defined:
  app/controllers/api/users_controller.rb:2:in `<class:UsersController>'
  app/controllers/api/users_controller.rb:1:in `<top (required)>'

Started GET "/" for 127.0.0.1 at 2022-04-22 16:48:06 -0400
  [1m[35m (0.5ms)[0m  [1m[34mSELECT "schema_migrations"."version" FROM "schema_migrations" ORDER BY "schema_migrations"."version" ASC[0m
  ↳ /home/spencer/.rbenv/versions/2.5.1/lib/ruby/gems/2.5.0/gems/activerecord-5.2.7/lib/active_record/log_subscriber.rb:98
Processing by StaticPagesController#root as HTML
  Rendering static_pages/root.html.erb within layouts/application
  Rendered static_pages/root.html.erb within layouts/application (1.6ms)
Completed 200 OK in 549ms (Views: 548.6ms | ActiveRecord: 0.0ms)


Started POST "/api/users" for 127.0.0.1 at 2022-04-22 16:48:09 -0400

ArgumentError - Before process_action callback :verify_authentictiy_token has not been defined:
  app/controllers/api/users_controller.rb:2:in `<class:UsersController>'
  app/controllers/api/users_controller.rb:1:in `<top (required)>'

Started GET "/" for 127.0.0.1 at 2022-04-22 16:48:54 -0400
Processing by StaticPagesController#root as HTML
  Rendering static_pages/root.html.erb within layouts/application
  Rendered static_pages/root.html.erb within layouts/application (0.3ms)
Completed 200 OK in 23ms (Views: 22.7ms | ActiveRecord: 0.0ms)


Started POST "/api/users" for 127.0.0.1 at 2022-04-22 16:48:57 -0400
Processing by Api::UsersController#create as JSON
  Parameters: {"username"=>"bobby", "password"=>"[FILTERED]"}
Completed 400 Bad Request in 25ms (ActiveRecord: 0.0ms)



ActionController::ParameterMissing - param is missing or the value is empty: user:
  app/controllers/api/users_controller.rb:17:in `user_params'
  app/controllers/api/users_controller.rb:5:in `create'

Started POST "/api/users" for 127.0.0.1 at 2022-04-22 16:49:37 -0400
Processing by Api::UsersController#create as JSON
  Parameters: {"username"=>"bobby", "password"=>"[FILTERED]"}
Completed 400 Bad Request in 1ms (ActiveRecord: 0.0ms)



ActionController::ParameterMissing - param is missing or the value is empty: user:
  app/controllers/api/users_controller.rb:17:in `user_params'
  app/controllers/api/users_controller.rb:5:in `create'

Started POST "/api/users" for 127.0.0.1 at 2022-04-22 16:50:37 -0400
Processing by Api::UsersController#create as JSON
  Parameters: {"username"=>"bobby", "email"=>"hello", "password"=>"[FILTERED]"}
Completed 400 Bad Request in 2ms (ActiveRecord: 0.0ms)



ActionController::ParameterMissing - param is missing or the value is empty: user:
  app/controllers/api/users_controller.rb:17:in `user_params'
  app/controllers/api/users_controller.rb:5:in `create'

Started GET "/" for 127.0.0.1 at 2022-04-22 16:53:36 -0400
Processing by StaticPagesController#root as HTML
  Rendering static_pages/root.html.erb within layouts/application
  Rendered static_pages/root.html.erb within layouts/application (0.5ms)
Completed 200 OK in 30ms (Views: 29.0ms | ActiveRecord: 0.0ms)


Started POST "/api/users" for 127.0.0.1 at 2022-04-22 16:53:38 -0400
Processing by Api::UsersController#create as JSON
  Parameters: {"username"=>"bobby", "email"=>"hello", "password"=>"[FILTERED]"}
Completed 400 Bad Request in 1ms (ActiveRecord: 0.0ms)



ActionController::ParameterMissing - param is missing or the value is empty: user:
  app/controllers/api/users_controller.rb:17:in `user_params'
  app/controllers/api/users_controller.rb:5:in `create'

Started GET "/" for 127.0.0.1 at 2022-04-22 16:54:22 -0400
Processing by StaticPagesController#root as HTML
  Rendering static_pages/root.html.erb within layouts/application
  Rendered static_pages/root.html.erb within layouts/application (0.4ms)
Completed 200 OK in 24ms (Views: 23.4ms | ActiveRecord: 0.0ms)


Started POST "/api/users" for 127.0.0.1 at 2022-04-22 16:54:24 -0400
Processing by Api::UsersController#create as JSON
  Parameters: {"username"=>"bobby", "email"=>"hello", "password"=>"[FILTERED]"}
Completed 400 Bad Request in 0ms (ActiveRecord: 0.0ms)



ActionController::ParameterMissing - param is missing or the value is empty: user:
  app/controllers/api/users_controller.rb:17:in `user_params'
  app/controllers/api/users_controller.rb:5:in `create'

Started POST "/api/users" for 127.0.0.1 at 2022-04-22 16:56:24 -0400
Processing by Api::UsersController#create as JSON
  Parameters: {"user"=>{"username"=>"bobby", "email"=>"hello", "password"=>"[FILTERED]"}}
  [1m[35m (0.2ms)[0m  [1m[35mBEGIN[0m
  ↳ app/controllers/api/users_controller.rb:7
  [1m[36mUser Exists (1.9ms)[0m  [1m[34mSELECT  1 AS one FROM "users" WHERE "users"."username" = $1 LIMIT $2[0m  [["username", "bobby"], ["LIMIT", 1]]
  ↳ app/controllers/api/users_controller.rb:7
  [1m[36mUser Exists (0.7ms)[0m  [1m[34mSELECT  1 AS one FROM "users" WHERE "users"."email" = $1 LIMIT $2[0m  [["email", "hello"], ["LIMIT", 1]]
  ↳ app/controllers/api/users_controller.rb:7
  [1m[36mUser Exists (0.8ms)[0m  [1m[34mSELECT  1 AS one FROM "users" WHERE "users"."session_token" = $1 LIMIT $2[0m  [["session_token", "-rhNp4lFnf1drPjOUC_Ilg"], ["LIMIT", 1]]
  ↳ app/controllers/api/users_controller.rb:7
  [1m[36mUser Create (1.5ms)[0m  [1m[32mINSERT INTO "users" ("username", "email", "session_token", "password_digest", "created_at", "updated_at") VALUES ($1, $2, $3, $4, $5, $6) RETURNING "id"[0m  [["username", "bobby"], ["email", "hello"], ["session_token", "-rhNp4lFnf1drPjOUC_Ilg"], ["password_digest", "$2a$12$IF6udx/zIgg27UrLb6iobeE6veZCwxHnrp.Bu61vYwFA8Yam68/6K"], ["created_at", "2022-04-22 20:56:24.543323"], ["updated_at", "2022-04-22 20:56:24.543323"]]
  ↳ app/controllers/api/users_controller.rb:7
  [1m[35m (125.4ms)[0m  [1m[35mCOMMIT[0m
  ↳ app/controllers/api/users_controller.rb:7
  [1m[35m (0.4ms)[0m  [1m[35mBEGIN[0m
  ↳ app/models/user.rb:39
  [1m[36mUser Exists (39.1ms)[0m  [1m[34mSELECT  1 AS one FROM "users" WHERE "users"."username" = $1 AND "users"."id" != $2 LIMIT $3[0m  [["username", "bobby"], ["id", 1], ["LIMIT", 1]]
  ↳ app/models/user.rb:39
  [1m[36mUser Exists (0.6ms)[0m  [1m[34mSELECT  1 AS one FROM "users" WHERE "users"."email" = $1 AND "users"."id" != $2 LIMIT $3[0m  [["email", "hello"], ["id", 1], ["LIMIT", 1]]
  ↳ app/models/user.rb:39
  [1m[36mUser Exists (0.5ms)[0m  [1m[34mSELECT  1 AS one FROM "users" WHERE "users"."session_token" = $1 AND "users"."id" != $2 LIMIT $3[0m  [["session_token", "3ZRqnpR5tpkkhAT1uZl9hw"], ["id", 1], ["LIMIT", 1]]
  ↳ app/models/user.rb:39
  [1m[36mUser Update (0.7ms)[0m  [1m[33mUPDATE "users" SET "session_token" = $1, "updated_at" = $2 WHERE "users"."id" = $3[0m  [["session_token", "3ZRqnpR5tpkkhAT1uZl9hw"], ["updated_at", "2022-04-22 20:56:24.720000"], ["id", 1]]
  ↳ app/models/user.rb:39
  [1m[35m (139.1ms)[0m  [1m[35mCOMMIT[0m
  ↳ app/models/user.rb:39
  Rendering api/users/show.json.jbuilder
  Rendered api/users/show.json.jbuilder (0.9ms)
Completed 200 OK in 706ms (Views: 5.8ms | ActiveRecord: 315.1ms)


  [1m[36mUser Load (0.4ms)[0m  [1m[34mSELECT "users".* FROM "users"[0m
Started GET "/" for 127.0.0.1 at 2022-04-22 17:01:25 -0400
Processing by StaticPagesController#root as HTML
  Rendering static_pages/root.html.erb within layouts/application
  Rendered static_pages/root.html.erb within layouts/application (0.3ms)
Completed 200 OK in 19ms (Views: 18.5ms | ActiveRecord: 0.0ms)


Started POST "/api/users" for 127.0.0.1 at 2022-04-22 17:01:27 -0400
Processing by Api::UsersController#create as JSON
  Parameters: {"user"=>{"username"=>"bobby", "email"=>"hello", "password"=>"[FILTERED]"}}
  [1m[35m (0.3ms)[0m  [1m[35mBEGIN[0m
  ↳ app/controllers/api/users_controller.rb:7
  [1m[36mUser Exists (0.6ms)[0m  [1m[34mSELECT  1 AS one FROM "users" WHERE "users"."username" = $1 LIMIT $2[0m  [["username", "bobby"], ["LIMIT", 1]]
  ↳ app/controllers/api/users_controller.rb:7
  [1m[36mUser Exists (1.2ms)[0m  [1m[34mSELECT  1 AS one FROM "users" WHERE "users"."email" = $1 LIMIT $2[0m  [["email", "hello"], ["LIMIT", 1]]
  ↳ app/controllers/api/users_controller.rb:7
  [1m[36mUser Exists (0.8ms)[0m  [1m[34mSELECT  1 AS one FROM "users" WHERE "users"."session_token" = $1 LIMIT $2[0m  [["session_token", "rEeR5E8vNpaEQ8ohrRfOfA"], ["LIMIT", 1]]
  ↳ app/controllers/api/users_controller.rb:7
  [1m[35m (0.4ms)[0m  [1m[31mROLLBACK[0m
  ↳ app/controllers/api/users_controller.rb:7
Completed 401 Unauthorized in 326ms (Views: 0.6ms | ActiveRecord: 3.3ms)


Started GET "/" for 127.0.0.1 at 2022-04-23 16:21:58 -0400
  [1m[35m (18.9ms)[0m  [1m[34mSELECT "schema_migrations"."version" FROM "schema_migrations" ORDER BY "schema_migrations"."version" ASC[0m
  ↳ /home/spencer/.rbenv/versions/2.5.1/lib/ruby/gems/2.5.0/gems/activerecord-5.2.7/lib/active_record/log_subscriber.rb:98
Processing by StaticPagesController#root as HTML
  Rendering static_pages/root.html.erb within layouts/application
  Rendered static_pages/root.html.erb within layouts/application (3.3ms)
Completed 200 OK in 1774ms (Views: 1765.5ms | ActiveRecord: 0.0ms)


Started GET "/" for 127.0.0.1 at 2022-04-23 17:09:11 -0400
Processing by StaticPagesController#root as HTML
  Rendering static_pages/root.html.erb within layouts/application
  Rendered static_pages/root.html.erb within layouts/application (0.3ms)
Completed 200 OK in 399ms (Views: 398.0ms | ActiveRecord: 0.0ms)


Started GET "/" for 127.0.0.1 at 2022-04-23 17:09:28 -0400
Processing by StaticPagesController#root as HTML
  Rendering static_pages/root.html.erb within layouts/application
  Rendered static_pages/root.html.erb within layouts/application (0.3ms)
Completed 200 OK in 388ms (Views: 387.5ms | ActiveRecord: 0.0ms)


Started GET "/" for 127.0.0.1 at 2022-04-23 17:11:23 -0400
Processing by StaticPagesController#root as HTML
  Rendering static_pages/root.html.erb within layouts/application
  Rendered static_pages/root.html.erb within layouts/application (0.3ms)
Completed 200 OK in 390ms (Views: 389.3ms | ActiveRecord: 0.0ms)


Started GET "/" for 127.0.0.1 at 2022-04-23 17:13:10 -0400
Processing by StaticPagesController#root as HTML
  Rendering static_pages/root.html.erb within layouts/application
  Rendered static_pages/root.html.erb within layouts/application (0.3ms)
Completed 200 OK in 409ms (Views: 408.5ms | ActiveRecord: 0.0ms)


Started GET "/" for 127.0.0.1 at 2022-04-23 17:43:39 -0400
Processing by StaticPagesController#root as HTML
  Rendering static_pages/root.html.erb within layouts/application
  Rendered static_pages/root.html.erb within layouts/application (0.3ms)
Completed 200 OK in 18ms (Views: 17.7ms | ActiveRecord: 0.0ms)


Started GET "/" for 127.0.0.1 at 2022-04-23 17:44:08 -0400
Processing by StaticPagesController#root as HTML
  Rendering static_pages/root.html.erb within layouts/application
  Rendered static_pages/root.html.erb within layouts/application (0.4ms)
Completed 200 OK in 383ms (Views: 382.0ms | ActiveRecord: 0.0ms)


Started GET "/" for 127.0.0.1 at 2022-04-23 17:49:45 -0400
Processing by StaticPagesController#root as HTML
  Rendering static_pages/root.html.erb within layouts/application
  Rendered static_pages/root.html.erb within layouts/application (0.2ms)
Completed 200 OK in 436ms (Views: 435.9ms | ActiveRecord: 0.0ms)


Started POST "/api/session" for 127.0.0.1 at 2022-04-23 17:49:56 -0400
Processing by Api::SessionsController#create as JSON
  Parameters: {"user"=>{"username"=>"", "email"=>"", "password"=>"[FILTERED]"}}
  [1m[36mUser Load (127.7ms)[0m  [1m[34mSELECT  "users".* FROM "users" WHERE "users"."username" = $1 LIMIT $2[0m  [["username", ""], ["LIMIT", 1]]
  ↳ app/models/user.rb:10
Completed 401 Unauthorized in 310ms (Views: 0.4ms | ActiveRecord: 215.0ms)


